<?xml version="1.0" encoding="UTF-8"?>
<!-- Generated by org.testng.reporters.JUnitReportReporter -->
<testsuite hostname="DESKTOP-H7NF6N5" name="com.qa.Cheapair.Test_Cases.AirTrip_Page_Test" tests="1" failures="0" timestamp="25 May 2019 09:21:05 GMT" time="122.100" errors="0">
  <testcase name="city_search_test" time="122.100" classname="com.qa.Cheapair.Test_Cases.AirTrip_Page_Test"/>
</testsuite> <!-- com.qa.Cheapair.Test_Cases.AirTrip_Page_Test -->
